  XuLy.cpp
XuLy.cpp(49): warning C4018: '<': signed/unsigned mismatch
XuLy.cpp(51): warning C4244: '+=': conversion from 'double' to 'float', possible loss of data
XuLy.cpp(52): warning C4244: '+=': conversion from 'double' to 'float', possible loss of data
XuLy.cpp(78): warning C4018: '<': signed/unsigned mismatch
XuLy.cpp(99): warning C4018: '<': signed/unsigned mismatch
XuLy.cpp(111): warning C4018: '<': signed/unsigned mismatch
XuLy.cpp(114): warning C4018: '<': signed/unsigned mismatch
XuLy.cpp(115): warning C4018: '<': signed/unsigned mismatch
XuLy.cpp(133): warning C4018: '<': signed/unsigned mismatch
XuLy.cpp(136): warning C4018: '<': signed/unsigned mismatch
XuLy.cpp(137): warning C4018: '<': signed/unsigned mismatch
XuLy.cpp(154): warning C4018: '<': signed/unsigned mismatch
XuLy.cpp(166): warning C4018: '<': signed/unsigned mismatch
  Generating code
  0 of 631 functions ( 0.0%) were compiled, the rest were copied from previous compilation.
    0 functions were new in current compilation
    0 functions had inline decision re-evaluated but remain unchanged
  Finished generating code
  HoiQuyTuyenTinh.vcxproj -> D:\Documents\HK3CNTT2017\Xác Suất Thống Kê\HoiQuyTuyenTinh\Release\HoiQuyTuyenTinh.exe
